[GIN-debug] Loaded HTML Templates (5): 
	- submitHouseInfo.html
	- 
	- home.html
	- login.html
	- rootManage.html

[GIN-debug] Environment variable PORT is undefined. Using port :8080 by default
[GIN-debug] Listening and serving HTTP on :8080
[GIN-debug] [WARNING] Creating an Engine instance with the Logger and Recovery middleware already attached.

[GIN-debug] [WARNING] Running in "debug" mode. Switch to "release" mode in production.
 - using env:	export GIN_MODE=release
 - using code:	gin.SetMode(gin.ReleaseMode)

[GIN-debug] Loaded HTML Templates (5): 
	- 
	- home.html
	- login.html
	- rootManage.html
	- submitHouseInfo.html

[GIN-debug] Environment variable PORT is undefined. Using port :8080 by default
[GIN-debug] Listening and serving HTTP on :8080
[GIN-debug] [WARNING] Creating an Engine instance with the Logger and Recovery middleware already attached.

[GIN-debug] [WARNING] Running in "debug" mode. Switch to "release" mode in production.
 - using env:	export GIN_MODE=release
 - using code:	gin.SetMode(gin.ReleaseMode)

[GIN-debug] Loaded HTML Templates (5): 
	- 
	- home.html
	- login.html
	- rootManage.html
	- submitHouseInfo.html

[GIN-debug] Environment variable PORT is undefined. Using port :8080 by default
[GIN-debug] Listening and serving HTTP on :8080
[GIN-debug] [WARNING] Creating an Engine instance with the Logger and Recovery middleware already attached.

[GIN-debug] [WARNING] Running in "debug" mode. Switch to "release" mode in production.
 - using env:	export GIN_MODE=release
 - using code:	gin.SetMode(gin.ReleaseMode)

[GIN-debug] Loaded HTML Templates (5): 
	- submitHouseInfo.html
	- 
	- home.html
	- login.html
	- rootManage.html

[GIN-debug] Environment variable PORT is undefined. Using port :8080 by default
[GIN-debug] Listening and serving HTTP on :8080
[GIN-debug] [WARNING] Creating an Engine instance with the Logger and Recovery middleware already attached.

[GIN-debug] [WARNING] Running in "debug" mode. Switch to "release" mode in production.
 - using env:	export GIN_MODE=release
 - using code:	gin.SetMode(gin.ReleaseMode)

[GIN-debug] Loaded HTML Templates (5): 
	- rootManage.html
	- submitHouseInfo.html
	- 
	- home.html
	- login.html

[GIN-debug] Environment variable PORT is undefined. Using port :8080 by default
[GIN-debug] Listening and serving HTTP on :8080
[GIN-debug] [WARNING] Creating an Engine instance with the Logger and Recovery middleware already attached.

[GIN-debug] [WARNING] Running in "debug" mode. Switch to "release" mode in production.
 - using env:	export GIN_MODE=release
 - using code:	gin.SetMode(gin.ReleaseMode)

[GIN-debug] Loaded HTML Templates (5): 
	- 
	- home.html
	- login.html
	- rootManage.html
	- submitHouseInfo.html

[GIN-debug] Environment variable PORT is undefined. Using port :8080 by default
[GIN-debug] Listening and serving HTTP on :8080
[GIN-debug] [WARNING] Creating an Engine instance with the Logger and Recovery middleware already attached.

[GIN-debug] [WARNING] Running in "debug" mode. Switch to "release" mode in production.
 - using env:	export GIN_MODE=release
 - using code:	gin.SetMode(gin.ReleaseMode)

[GIN-debug] Loaded HTML Templates (5): 
	- rootManage.html
	- submitHouseInfo.html
	- 
	- home.html
	- login.html

[GIN-debug] Environment variable PORT is undefined. Using port :8080 by default
[GIN-debug] Listening and serving HTTP on :8080
[GIN-debug] [WARNING] Creating an Engine instance with the Logger and Recovery middleware already attached.

[GIN-debug] [WARNING] Running in "debug" mode. Switch to "release" mode in production.
 - using env:	export GIN_MODE=release
 - using code:	gin.SetMode(gin.ReleaseMode)

[GIN-debug] Loaded HTML Templates (5): 
	- 
	- home.html
	- login.html
	- rootManage.html
	- submitHouseInfo.html

[GIN-debug] Environment variable PORT is undefined. Using port :8080 by default
[GIN-debug] Listening and serving HTTP on :8080
[GIN-debug] [WARNING] Creating an Engine instance with the Logger and Recovery middleware already attached.

[GIN-debug] [WARNING] Running in "debug" mode. Switch to "release" mode in production.
 - using env:	export GIN_MODE=release
 - using code:	gin.SetMode(gin.ReleaseMode)

[GIN-debug] Loaded HTML Templates (5): 
	- submitHouseInfo.html
	- 
	- home.html
	- login.html
	- rootManage.html

[GIN-debug] GET    /submitHouseInfo          --> main.addrouter.func1 (3 handlers)
[GIN-debug] Environment variable PORT is undefined. Using port :8080 by default
[GIN-debug] Listening and serving HTTP on :8080
[GIN] 2021/02/18 - 16:36:43 | 200 |    309.8347ms |             ::1 | GET      "/submitHouseInfo"
[GIN] 2021/02/18 - 16:36:43 | 404 |            0s |             ::1 | GET      "/favicon.ico"
[GIN-debug] [WARNING] Creating an Engine instance with the Logger and Recovery middleware already attached.

[GIN-debug] [WARNING] Running in "debug" mode. Switch to "release" mode in production.
 - using env:	export GIN_MODE=release
 - using code:	gin.SetMode(gin.ReleaseMode)

[GIN-debug] Loaded HTML Templates (8): 
	- login.html
	- logined.html
	- rootManage.html
	- submitHouseInfo.html
	- submitHouseInfoErr.html
	- submitHouseInfoOk.html
	- 
	- home.html

[GIN-debug] GET    /login                    --> main.addRouter.func1 (4 handlers)
[GIN-debug] GET    /submitHouseInfo          --> main.addRouter.func2 (4 handlers)
[GIN-debug] POST   /submitHouseInfo          --> main.addRouter.func3 (4 handlers)
[GIN-debug] Environment variable PORT is undefined. Using port :8080 by default
[GIN-debug] Listening and serving HTTP on :8080
[GIN] 2021/02/18 - 21:06:11 | 200 |      2.0012ms |             ::1 | GET      "/login"
[GIN] 2021/02/18 - 21:06:16 | 404 |            0s |             ::1 | POST     "/login"
[GIN-debug] [WARNING] Creating an Engine instance with the Logger and Recovery middleware already attached.

[GIN-debug] [WARNING] Running in "debug" mode. Switch to "release" mode in production.
 - using env:	export GIN_MODE=release
 - using code:	gin.SetMode(gin.ReleaseMode)

[GIN-debug] Loaded HTML Templates (8): 
	- home.html
	- login.html
	- logined.html
	- rootManage.html
	- submitHouseInfo.html
	- submitHouseInfoErr.html
	- submitHouseInfoOk.html
	- 

[GIN-debug] GET    /login                    --> main.addRouter.func1 (4 handlers)
[GIN-debug] POST   /login                    --> main.addRouter.func2 (4 handlers)
[GIN-debug] GET    /submitHouseInfo          --> main.addRouter.func3 (4 handlers)
[GIN-debug] POST   /submitHouseInfo          --> main.addRouter.func4 (4 handlers)
[GIN-debug] Environment variable PORT is undefined. Using port :8080 by default
[GIN-debug] Listening and serving HTTP on :8080
[GIN] 2021/02/18 - 21:16:46 | 200 |      1.9997ms |             ::1 | GET      "/login"
[GIN] 2021/02/18 - 21:16:47 | 200 |      2.0012ms |             ::1 | GET      "/login"
[GIN-debug] [WARNING] Creating an Engine instance with the Logger and Recovery middleware already attached.

[GIN-debug] [WARNING] Running in "debug" mode. Switch to "release" mode in production.
 - using env:	export GIN_MODE=release
 - using code:	gin.SetMode(gin.ReleaseMode)

[GIN-debug] Loaded HTML Templates (8): 
	- logined.html
	- rootManage.html
	- submitHouseInfo.html
	- submitHouseInfoErr.html
	- submitHouseInfoOk.html
	- 
	- home.html
	- login.html

[GIN-debug] GET    /login                    --> main.addRouter.func1 (4 handlers)
[GIN-debug] POST   /login                    --> main.addRouter.func2 (4 handlers)
[GIN-debug] GET    /submitHouseInfo          --> main.addRouter.func3 (4 handlers)
[GIN-debug] POST   /submitHouseInfo          --> main.addRouter.func4 (4 handlers)
[GIN-debug] Environment variable PORT is undefined. Using port :8080 by default
[GIN-debug] Listening and serving HTTP on :8080
[GIN] 2021/02/18 - 21:18:26 | 200 |      2.5159ms |             ::1 | GET      "/login"
[GIN] 2021/02/18 - 21:18:30 | 200 |    180.3497ms |             ::1 | POST     "/login"
