[GIN] 2021/02/22 - 01:36:58 | 200 |    333.0025ms |             ::1 | GET      "/home"
[GIN] 2021/02/22 - 01:37:03 | 303 |    109.8352ms |             ::1 | GET      "/login"
[GIN] 2021/02/22 - 01:37:03 | 200 |            0s |             ::1 | GET      "/logined"
[GIN] 2021/02/22 - 01:37:04 | 404 |            0s |             ::1 | GET      "/logOut"
[GIN] 2021/02/22 - 01:43:54 | 303 |      1.0026ms |             ::1 | GET      "/logOut"
[GIN] 2021/02/22 - 01:43:54 | 303 |    103.3232ms |             ::1 | GET      "/login"
[GIN] 2021/02/22 - 01:43:54 | 200 |            0s |             ::1 | GET      "/logined"
[GIN] 2021/02/22 - 01:43:58 | 303 |            0s |             ::1 | GET      "/logOut"
[GIN] 2021/02/22 - 01:43:58 | 303 |    104.9646ms |             ::1 | GET      "/login"
[GIN] 2021/02/22 - 01:43:58 | 200 |            0s |             ::1 | GET      "/logined"
[GIN] 2021/02/22 - 01:44:21 | 200 |    318.5017ms |             ::1 | GET      "/home"
[GIN] 2021/02/22 - 01:44:28 | 303 |    106.7865ms |             ::1 | GET      "/login"
[GIN] 2021/02/22 - 01:44:28 | 200 |            0s |             ::1 | GET      "/logined"
[GIN] 2021/02/22 - 01:44:30 | 303 |            0s |             ::1 | GET      "/logOut"
[GIN] 2021/02/22 - 01:44:30 | 303 |    103.9475ms |             ::1 | GET      "/login"
[GIN] 2021/02/22 - 01:44:30 | 200 |            0s |             ::1 | GET      "/logined"
[GIN] 2021/02/22 - 01:45:17 | 200 |      1.0019ms |             ::1 | GET      "/logined"
[GIN] 2021/02/22 - 01:45:19 | 303 |            0s |             ::1 | GET      "/logOut"
[GIN] 2021/02/22 - 01:45:19 | 200 |            0s |             ::1 | GET      "/login"
[GIN] 2021/02/22 - 01:45:27 | 303 |     93.1419ms |             ::1 | POST     "/login"
[GIN] 2021/02/22 - 01:45:28 | 200 |    282.6787ms |             ::1 | GET      "/home"
[GIN] 2021/02/22 - 01:45:33 | 303 |     94.3251ms |             ::1 | GET      "/login"
[GIN] 2021/02/22 - 01:45:33 | 200 |            0s |             ::1 | GET      "/logined"
[GIN] 2021/02/22 - 01:45:36 | 303 |            0s |             ::1 | GET      "/logOut"
[GIN] 2021/02/22 - 01:45:36 | 200 |            0s |             ::1 | GET      "/login"
[GIN] 2021/02/22 - 02:20:53 | 200 |            0s |             ::1 | GET      "/login"
[GIN] 2021/02/22 - 02:20:54 | 303 |    105.7249ms |             ::1 | POST     "/login"
2021/02/22 02:20:54 root
[GIN] 2021/02/22 - 02:20:54 | 200 |    309.0791ms |             ::1 | GET      "/home"
2021/02/22 02:20:56 root
[GIN] 2021/02/22 - 02:20:56 | 200 |    209.2325ms |             ::1 | GET      "/detail?houseId=19&preUrl=%252Fhome"
2021/02/22 02:20:58 root
[GIN] 2021/02/22 - 02:20:59 | 200 |    305.5287ms |             ::1 | GET      "/home?page=2"
2021/02/22 02:21:00 root
[GIN] 2021/02/22 - 02:21:00 | 200 |    206.3729ms |             ::1 | GET      "/detail?houseId=17&preUrl=%252Fhome%253Fpage%253D2"
