[GIN-debug] [WARNING] Creating an Engine instance with the Logger and Recovery middleware already attached.

[GIN-debug] [WARNING] Running in "debug" mode. Switch to "release" mode in production.
 - using env:	export GIN_MODE=release
 - using code:	gin.SetMode(gin.ReleaseMode)

[GIN-debug] [WARNING] Running in "debug" mode. Switch to "release" mode in production.
 - using env:	export GIN_MODE=release
 - using code:	gin.SetMode(gin.ReleaseMode)

[GIN-debug] Loaded HTML Templates (12): 
	- admin.html
	- detail.html
	- login.html
	- resetPassword.html
	- submitHouseInfoOk.html
	- submitHouseInfoErr.html
	- template.html
	- 
	- delete.html
	- home.html
	- logined.html
	- submitHouseInfo.html

[GIN-debug] GET    /                         --> main.addRouter.func1 (4 handlers)
[GIN-debug] GET    /login                    --> main.addRouter.func2 (4 handlers)
[GIN-debug] POST   /login                    --> main.addRouter.func3 (4 handlers)
[GIN-debug] GET    /logined                  --> main.addRouter.func4 (4 handlers)
[GIN-debug] GET    /logOut                   --> main.addRouter.func5 (4 handlers)
[GIN-debug] GET    /home                     --> main.addRouter.func6 (4 handlers)
[GIN-debug] GET    /detail                   --> main.addRouter.func7 (4 handlers)
[GIN-debug] GET    /delete                   --> main.addRouter.func8 (4 handlers)
[GIN-debug] GET    /admin                    --> main.addRouter.func9 (4 handlers)
[GIN-debug] GET    /admin/:action            --> main.addRouter.func10 (4 handlers)
[GIN-debug] GET    /submitHouseInfo          --> main.addRouter.func11 (4 handlers)
[GIN-debug] POST   /submitHouseInfo          --> main.addRouter.func12 (4 handlers)
[GIN-debug] GET    /resetPassword            --> main.addRouter.func13 (4 handlers)
[GIN-debug] POST   /resetPassword            --> main.addRouter.func14 (4 handlers)
[GIN-debug] Listening and serving HTTP on :18080
[GIN] 2021/02/23 - 01:42:41 | 303 |            0s |             ::1 | GET      "/"
[GIN] 2021/02/23 - 01:42:41 | 200 |       2.999ms |             ::1 | GET      "/login"
[GIN] 2021/02/23 - 01:42:41 | 404 |            0s |             ::1 | GET      "/favicon.ico"
[GIN] 2021/02/23 - 01:42:49 | 303 |    565.5204ms |             ::1 | POST     "/login"
2021/02/23 01:42:49 root
[GIN] 2021/02/23 - 01:42:49 | 200 |    341.5487ms |             ::1 | GET      "/home"
[GIN-debug] [WARNING] Creating an Engine instance with the Logger and Recovery middleware already attached.

[GIN-debug] [WARNING] Running in "debug" mode. Switch to "release" mode in production.
 - using env:	export GIN_MODE=release
 - using code:	gin.SetMode(gin.ReleaseMode)

[GIN-debug] [WARNING] Running in "debug" mode. Switch to "release" mode in production.
 - using env:	export GIN_MODE=release
 - using code:	gin.SetMode(gin.ReleaseMode)

[GIN-debug] Loaded HTML Templates (12): 
	- template.html
	- 
	- admin.html
	- login.html
	- resetPassword.html
	- submitHouseInfoErr.html
	- submitHouseInfoOk.html
	- delete.html
	- detail.html
	- home.html
	- logined.html
	- submitHouseInfo.html

[GIN-debug] GET    /                         --> main.addRouter.func1 (4 handlers)
[GIN-debug] GET    /login                    --> main.addRouter.func2 (4 handlers)
[GIN-debug] POST   /login                    --> main.addRouter.func3 (4 handlers)
[GIN-debug] GET    /logined                  --> main.addRouter.func4 (4 handlers)
[GIN-debug] GET    /logOut                   --> main.addRouter.func5 (4 handlers)
[GIN-debug] GET    /home                     --> main.addRouter.func6 (4 handlers)
[GIN-debug] GET    /detail                   --> main.addRouter.func7 (4 handlers)
[GIN-debug] GET    /delete                   --> main.addRouter.func8 (4 handlers)
[GIN-debug] GET    /admin                    --> main.addRouter.func9 (4 handlers)
[GIN-debug] GET    /admin/:action            --> main.addRouter.func10 (4 handlers)
[GIN-debug] GET    /submitHouseInfo          --> main.addRouter.func11 (4 handlers)
[GIN-debug] POST   /submitHouseInfo          --> main.addRouter.func12 (4 handlers)
[GIN-debug] GET    /resetPassword            --> main.addRouter.func13 (4 handlers)
[GIN-debug] POST   /resetPassword            --> main.addRouter.func14 (4 handlers)
[GIN-debug] Listening and serving HTTP on :18080
2021/02/23 02:26:33 root
[GIN] 2021/02/23 - 02:26:33 | 200 |    201.5705ms |             ::1 | GET      "/detail?houseId=19&preUrl=%252Fhome"
2021/02/23 02:26:39 root
[GIN] 2021/02/23 - 02:26:39 | 200 |    299.9143ms |             ::1 | GET      "/home"
2021/02/23 02:26:42 root
[GIN] 2021/02/23 - 02:26:42 | 200 |    203.7546ms |             ::1 | GET      "/detail?houseId=24&preUrl=%252Fhome"
2021/02/23 02:26:50 root
[GIN] 2021/02/23 - 02:26:50 | 200 |    288.5543ms |             ::1 | GET      "/home"
2021/02/23 02:26:56 root
[GIN] 2021/02/23 - 02:26:56 | 200 |    145.4619ms |             ::1 | GET      "/submitHouseInfo"
2021/02/23 02:28:25 root
[GIN] 2021/02/23 - 02:28:25 | 200 |    291.6125ms |             ::1 | POST     "/submitHouseInfo"
2021/02/23 02:28:27 root
[GIN] 2021/02/23 - 02:28:27 | 200 |    144.3562ms |             ::1 | GET      "/submitHouseInfo"
2021/02/23 02:28:42 root
[GIN] 2021/02/23 - 02:28:42 | 403 |    199.8069ms |             ::1 | POST     "/submitHouseInfo"
2021/02/23 02:28:44 root
[GIN] 2021/02/23 - 02:28:44 | 200 |    176.4332ms |             ::1 | GET      "/submitHouseInfo"
2021/02/23 02:28:47 root
[GIN] 2021/02/23 - 02:28:47 | 200 |    288.7586ms |             ::1 | GET      "/home"
[GIN-debug] [WARNING] Creating an Engine instance with the Logger and Recovery middleware already attached.

[GIN-debug] [WARNING] Running in "debug" mode. Switch to "release" mode in production.
 - using env:	export GIN_MODE=release
 - using code:	gin.SetMode(gin.ReleaseMode)

[GIN-debug] [WARNING] Running in "debug" mode. Switch to "release" mode in production.
 - using env:	export GIN_MODE=release
 - using code:	gin.SetMode(gin.ReleaseMode)

[GIN-debug] Loaded HTML Templates (12): 
	- logined.html
	- resetPassword.html
	- submitHouseInfoErr.html
	- submitHouseInfoOk.html
	- admin.html
	- delete.html
	- home.html
	- login.html
	- template.html
	- 
	- detail.html
	- submitHouseInfo.html

[GIN-debug] GET    /                         --> main.addRouter.func1 (4 handlers)
[GIN-debug] GET    /login                    --> main.addRouter.func2 (4 handlers)
[GIN-debug] POST   /login                    --> main.addRouter.func3 (4 handlers)
[GIN-debug] GET    /logined                  --> main.addRouter.func4 (4 handlers)
[GIN-debug] GET    /logOut                   --> main.addRouter.func5 (4 handlers)
[GIN-debug] GET    /home                     --> main.addRouter.func6 (4 handlers)
[GIN-debug] GET    /detail                   --> main.addRouter.func7 (4 handlers)
[GIN-debug] GET    /delete                   --> main.addRouter.func8 (4 handlers)
[GIN-debug] GET    /admin                    --> main.addRouter.func9 (4 handlers)
[GIN-debug] GET    /admin/:action            --> main.addRouter.func10 (4 handlers)
[GIN-debug] GET    /submitHouseInfo          --> main.addRouter.func11 (4 handlers)
[GIN-debug] POST   /submitHouseInfo          --> main.addRouter.func12 (4 handlers)
[GIN-debug] GET    /resetPassword            --> main.addRouter.func13 (4 handlers)
[GIN-debug] POST   /resetPassword            --> main.addRouter.func14 (4 handlers)
[GIN-debug] Listening and serving HTTP on :18080
2021/02/23 02:34:09 root
[GIN] 2021/02/23 - 02:34:09 | 200 |    215.0433ms |             ::1 | GET      "/detail?houseId=24&preUrl=%252Fhome"
2021/02/23 02:34:11 root
[GIN] 2021/02/23 - 02:34:12 | 200 |    589.2943ms |             ::1 | GET      "/home"
2021/02/23 02:34:21 root
[GIN] 2021/02/23 - 02:34:21 | 200 |    190.9495ms |             ::1 | GET      "/submitHouseInfo"
2021/02/23 02:34:34 root
[GIN] 2021/02/23 - 02:34:34 | 200 |    330.9755ms |             ::1 | GET      "/home"
